2015-12-24 12:29:42.178 LOG_ALARM -----------------  log4z thread started!   ---------------------------- 
2015-12-24 12:29:42.179 LOG_ALARM logger id=0 key=Main name=DVOIPCSDKDemo path=./Log/ level=0 display=0 
2015-12-24 12:29:42.179 LOG_ALARM CNetSDKManager start (netsdkmanager.cpp):148 
2015-12-24 12:29:42.180 LOG_ALARM -----------------  log4z clear log file start!   ---------------------------- (log4z.cpp):1992 
2015-12-24 12:29:42.180 LOG_ALARM CNetSDKManager thread begin, thread id=0 (netsdkmanager.cpp):256 
2015-12-24 12:29:42.180 LOG_ALARM log4z clear log file, limitfiledays=1, path=./Log/ (log4z.cpp):2011 
2015-12-24 12:29:42.180 LOG_ALARM CNetSDKManager thread begin, thread id=1 (netsdkmanager.cpp):256 
2015-12-24 12:29:42.182 LOG_ALARM -----------------  log4z clear log file end!   ---------------------------- (log4z.cpp):2017 
2015-12-24 12:29:42.182 LOG_ALARM CNetSDKManager thread begin, thread id=2 (netsdkmanager.cpp):256 
2015-12-24 12:29:42.182 LOG_ALARM CNetSDKManager thread begin, thread id=3 (netsdkmanager.cpp):256 
2015-12-24 12:29:50.493 LOG_TRACE create CAsyncSession()_08EB9618 (asyncsession.cpp):34 
2015-12-24 12:29:50.493 LOG_TRACE create CUserSession()_session_id=149657112. (usersession.cpp):28 
2015-12-24 12:29:50.494 LOG_TRACE CAsyncSession start run_timeout state=0 session_id=149657112, sessionType=0. (asyncsession.cpp):821 
2015-12-24 12:29:50.526 LOG_DEBUG CAsyncSession,连接服务器, server:192.168.24.211:6001,session_id=149657112,sessionType=0,连接成功.host:192.168.24.248:47344 (asyncsession.cpp):281 
2015-12-24 12:29:50.527 LOG_TRACE 登录设备,session_id=149657112 (usersession.cpp):328 
2015-12-24 12:29:50.527 LOG_TRACE user session_id=149657112,sessionType=0,send packlen=104,head hex data:
	[
	0899373c: f5 5a a5 5f 00 00 00 68 00 11 00 00 00 00 00 01 
	0899374c: 00 01 00 01 00 01 00 00 00 00 00 00 00 00 00 00 
	]
	,body hex data:
	[
	089938ac: 61 64 6d 69 6e 00 00 00 00 00 00 00 00 00 00 00 
	089938bc: 00 00 00 00 61 64 6d 69 6e 00 00 00 00 00 00 00 
	089938cc: 00 00 00 00 00 00 00 00 00 00 00 00 00 00 00 00 
	089938dc: 00 00 00 00 00 00 00 00 00 00 00 00 00 00 00 00 
	089938ec: 00 00 00 00 00 00 00 00 
	]
	 (asyncsession.cpp):769 
2015-12-24 12:29:50.527 LOG_TRACE CAsyncSession start run_recv state=1 session_id=149657112,sessionType=0. (asyncsession.cpp):415 
2015-12-24 12:29:50.528 LOG_TRACE CAsyncSession start run_send state=1 session_id=149657112. (asyncsession.cpp):307 
2015-12-24 12:29:50.534 LOG_DEBUG CUserSession recvdata session_id=149657112,sessionType=0 maincmd=1 subcmd=1 pktlen=356 bodylen=324, session_id=149657112 (usersession.cpp):872 
2015-12-24 12:29:50.538 LOG_TRACE user session_id=149657112,sessionType=0,send packlen=48,head hex data:
	[
	08993a00: f5 5a a5 5f 00 00 00 30 00 11 00 00 00 00 00 03 
	08993a10: 00 02 00 02 00 01 00 00 00 00 00 00 00 00 00 00 
	]
	,body hex data:
	[
	08ca6c48: 00 00 00 00 00 00 00 00 00 00 00 00 00 00 00 00 
	]
	 (asyncsession.cpp):769 
2015-12-24 12:29:50.542 LOG_DEBUG CUserSession recvdata session_id=149657112,sessionType=0 maincmd=2 subcmd=2 pktlen=164 bodylen=132, session_id=149657112 (usersession.cpp):872 
2015-12-24 12:29:50.542 LOG_TRACE create CAsyncSession()_08EBF968 (asyncsession.cpp):34 
2015-12-24 12:29:50.542 LOG_TRACE create CRecvSession()_08EBF968_session_id=149657112. (recvsession.cpp):14 
2015-12-24 12:29:50.542 LOG_TRACE create CStreamSession()_08EBF968_session_id=149657112. (streamsession.cpp):16 
2015-12-24 12:29:50.543 LOG_TRACE CAsyncSession start run_timeout state=0 session_id=149657112, sessionType=1. (asyncsession.cpp):821 
2015-12-24 12:29:50.544 LOG_DEBUG CAsyncSession,连接服务器, server:192.168.24.211:6001,session_id=149657112,sessionType=1,连接成功.host:192.168.24.248:47345 (asyncsession.cpp):281 
2015-12-24 12:29:50.545 LOG_TRACE user session_id=149657112,sessionType=1,send packlen=64,head hex data:
	[
	089c9f48: f5 5a a5 5f 00 00 00 40 00 11 00 00 00 00 00 01 
	089c9f58: 00 02 00 03 00 01 00 00 00 00 00 00 00 00 00 00 
	]
	,body hex data:
	[
	08cab7d8: 00 00 00 00 00 00 00 00 00 00 00 01 00 00 00 00 
	08cab7e8: 00 00 00 00 00 00 00 00 00 00 00 00 00 00 00 00 
	]
	 (asyncsession.cpp):769 
2015-12-24 12:29:50.545 LOG_TRACE CAsyncSession start run_recv state=1 session_id=149657112,sessionType=1. (asyncsession.cpp):415 
2015-12-24 12:29:50.545 LOG_TRACE CAsyncSession start run_send state=1 session_id=149657112. (asyncsession.cpp):307 
2015-12-24 12:29:50.548 LOG_DEBUG CStreamSession recvdata session_id=149657112,sessionType=1 maincmd=2 subcmd=3 pktlen=48 bodylen=16, session_id=149657112 (streamsession.cpp):158 
2015-12-24 12:33:29.238 LOG_TRACE CAsyncSession start close session_id=149657112.sessionType=1 (asyncsession.cpp):873 
2015-12-24 12:33:29.238 LOG_INFO  CAsyncSession close ,session_id=149657112,sessionType=1 (asyncsession.cpp):890 
2015-12-24 12:33:29.239 LOG_TRACE CStreamSession OnDisConnect state=4 session_id=149657112, bNotiy=1. (streamsession.cpp):89 
2015-12-24 12:33:29.239 LOG_TRACE CAsyncSession exit run_recv state=4 session_id=149657112,sessionType=1. (asyncsession.cpp):572 
2015-12-24 12:33:29.243 LOG_TRACE CAsyncSession start close session_id=149657112.sessionType=0 (asyncsession.cpp):873 
2015-12-24 12:33:29.243 LOG_TRACE CAsyncSession exit run_timeout state=3 session_id=149657112, sessionType=0. (asyncsession.cpp):858 
2015-12-24 12:33:29.244 LOG_INFO  CAsyncSession close ,session_id=149657112,sessionType=0 (asyncsession.cpp):890 
2015-12-24 12:33:29.245 LOG_TRACE CAsyncSession exit run_recv state=4 session_id=149657112,sessionType=0. (asyncsession.cpp):572 
2015-12-24 12:33:29.245 LOG_TRACE CUserSession OnDisConnect session_id=149657112, sessionType=0.notify=0 (usersession.cpp):361 
2015-12-24 12:33:29.246 LOG_TRACE ~CAsyncSession()_08EB9618_session=149657112, sessionType=0. (asyncsession.cpp):44 
2015-12-24 12:33:29.281 LOG_ALARM CNetSDKManager stop begin. (netsdkmanager.cpp):225 
2015-12-24 12:33:29.281 LOG_INFO  CNetSDKManager clear_sessions 08ca7d18 (netsdkmanager.cpp):325 
2015-12-24 12:33:29.281 LOG_ERROR CNetSDKManager thread exit, thread id=1 (netsdkmanager.cpp):270 
2015-12-24 12:33:29.281 LOG_ERROR CNetSDKManager thread exit, thread id=3 (netsdkmanager.cpp):270 
2015-12-24 12:33:29.281 LOG_ERROR CNetSDKManager thread exit, thread id=0 (netsdkmanager.cpp):270 
2015-12-24 12:33:29.281 LOG_ERROR CNetSDKManager thread exit, thread id=2 (netsdkmanager.cpp):270 
2015-12-24 12:33:29.282 LOG_DEBUG CNetSDKManager_Cleanup_147488024. (netsdkmanager.cpp):247 
