2015-12-24 12:28:30.025 LOG_ALARM -----------------  log4z thread started!   ---------------------------- 
2015-12-24 12:28:30.026 LOG_ALARM logger id=0 key=Main name=DVOIPCSDKDemo path=./Log/ level=0 display=0 
2015-12-24 12:28:30.026 LOG_ALARM CNetSDKManager start (netsdkmanager.cpp):148 
2015-12-24 12:28:30.027 LOG_ALARM -----------------  log4z clear log file start!   ---------------------------- (log4z.cpp):1992 
2015-12-24 12:28:30.027 LOG_ALARM CNetSDKManager thread begin, thread id=0 (netsdkmanager.cpp):256 
2015-12-24 12:28:30.027 LOG_ALARM CNetSDKManager thread begin, thread id=1 (netsdkmanager.cpp):256 
2015-12-24 12:28:30.027 LOG_ALARM log4z clear log file, limitfiledays=1, path=./Log/ (log4z.cpp):2011 
2015-12-24 12:28:30.028 LOG_ALARM CNetSDKManager thread begin, thread id=2 (netsdkmanager.cpp):256 
2015-12-24 12:28:30.029 LOG_ALARM CNetSDKManager thread begin, thread id=3 (netsdkmanager.cpp):256 
2015-12-24 12:28:30.074 LOG_ALARM Delete log File:./Log/DVOIPCSDKDemo_201512031606_012696_000.log (clearfile_win.h):261 
2015-12-24 12:28:30.088 LOG_ALARM Delete log File:./Log/DVOIPCSDKDemo_201512031608_009292_000.log (clearfile_win.h):261 
2015-12-24 12:28:30.107 LOG_ALARM Delete log File:./Log/DVOIPCSDKDemo_201512031608_015132_000.log (clearfile_win.h):261 
2015-12-24 12:28:30.107 LOG_ALARM Delete log File:./Log/DVOIPCSDKDemo_201512041049_016020_000.log (clearfile_win.h):261 
2015-12-24 12:28:30.116 LOG_ALARM Delete log File:./Log/DVOIPCSDKDemo_201512041050_019916_000.log (clearfile_win.h):261 
2015-12-24 12:28:30.116 LOG_ALARM -----------------  log4z clear log file end!   ---------------------------- (log4z.cpp):2017 
2015-12-24 12:28:33.518 LOG_TRACE create CAsyncSession()_03F5B598 (asyncsession.cpp):34 
2015-12-24 12:28:33.518 LOG_TRACE create CUserSession()_session_id=66434456. (usersession.cpp):28 
2015-12-24 12:28:33.518 LOG_TRACE CAsyncSession start run_timeout state=0 session_id=66434456, sessionType=0. (asyncsession.cpp):821 
2015-12-24 12:28:33.591 LOG_DEBUG CAsyncSession,连接服务器, server:192.168.24.211:6001,session_id=66434456,sessionType=0,连接成功.host:192.168.24.248:47181 (asyncsession.cpp):281 
2015-12-24 12:28:33.591 LOG_TRACE 登录设备,session_id=66434456 (usersession.cpp):328 
2015-12-24 12:28:33.592 LOG_TRACE user session_id=66434456,sessionType=0,send packlen=104,head hex data:
	[
	08a2373c: f5 5a a5 5f 00 00 00 68 00 11 00 00 00 00 00 01 
	08a2374c: 00 01 00 01 00 01 00 00 00 00 00 00 00 00 00 00 
	]
	,body hex data:
	[
	08a238ac: 61 64 6d 69 6e 00 00 00 00 00 00 00 00 00 00 00 
	08a238bc: 00 00 00 00 61 64 6d 69 6e 00 00 00 00 00 00 00 
	08a238cc: 00 00 00 00 00 00 00 00 00 00 00 00 00 00 00 00 
	08a238dc: 00 00 00 00 00 00 00 00 00 00 00 00 00 00 00 00 
	08a238ec: 00 00 00 00 00 00 00 00 
	]
	 (asyncsession.cpp):769 
2015-12-24 12:28:33.592 LOG_TRACE CAsyncSession start run_recv state=1 session_id=66434456,sessionType=0. (asyncsession.cpp):415 
2015-12-24 12:28:33.592 LOG_TRACE CAsyncSession start run_send state=1 session_id=66434456. (asyncsession.cpp):307 
2015-12-24 12:28:33.600 LOG_DEBUG CUserSession recvdata session_id=66434456,sessionType=0 maincmd=1 subcmd=1 pktlen=356 bodylen=324, session_id=66434456 (usersession.cpp):872 
2015-12-24 12:28:33.602 LOG_TRACE user session_id=66434456,sessionType=0,send packlen=48,head hex data:
	[
	08a23a00: f5 5a a5 5f 00 00 00 30 00 11 00 00 00 00 00 03 
	08a23a10: 00 02 00 02 00 01 00 00 00 00 00 00 00 00 00 00 
	]
	,body hex data:
	[
	094508d8: 00 00 00 00 00 00 00 00 00 00 00 00 00 00 00 00 
	]
	 (asyncsession.cpp):769 
2015-12-24 12:28:33.605 LOG_DEBUG CUserSession recvdata session_id=66434456,sessionType=0 maincmd=2 subcmd=2 pktlen=164 bodylen=132, session_id=66434456 (usersession.cpp):872 
2015-12-24 12:28:33.605 LOG_TRACE create CAsyncSession()_09451D60 (asyncsession.cpp):34 
2015-12-24 12:28:33.605 LOG_TRACE create CRecvSession()_09451D60_session_id=66434456. (recvsession.cpp):14 
2015-12-24 12:28:33.605 LOG_TRACE create CStreamSession()_09451D60_session_id=66434456. (streamsession.cpp):16 
2015-12-24 12:28:33.606 LOG_TRACE CAsyncSession start run_timeout state=0 session_id=66434456, sessionType=1. (asyncsession.cpp):821 
2015-12-24 12:28:33.608 LOG_DEBUG CAsyncSession,连接服务器, server:192.168.24.211:6001,session_id=66434456,sessionType=1,连接成功.host:192.168.24.248:47182 (asyncsession.cpp):281 
2015-12-24 12:28:33.608 LOG_TRACE user session_id=66434456,sessionType=1,send packlen=64,head hex data:
	[
	08a59f48: f5 5a a5 5f 00 00 00 40 00 11 00 00 00 00 00 01 
	08a59f58: 00 02 00 03 00 01 00 00 00 00 00 00 00 00 00 00 
	]
	,body hex data:
	[
	03f5d028: 00 00 00 00 00 00 00 00 00 00 00 01 00 00 00 00 
	03f5d038: 00 00 00 00 00 00 00 00 00 00 00 00 00 00 00 00 
	]
	 (asyncsession.cpp):769 
2015-12-24 12:28:33.608 LOG_TRACE CAsyncSession start run_recv state=1 session_id=66434456,sessionType=1. (asyncsession.cpp):415 
2015-12-24 12:28:33.609 LOG_TRACE CAsyncSession start run_send state=1 session_id=66434456. (asyncsession.cpp):307 
2015-12-24 12:28:33.615 LOG_DEBUG CStreamSession recvdata session_id=66434456,sessionType=1 maincmd=2 subcmd=3 pktlen=48 bodylen=16, session_id=66434456 (streamsession.cpp):158 
2015-12-24 12:29:29.750 LOG_TRACE CAsyncSession start close session_id=66434456.sessionType=1 (asyncsession.cpp):873 
2015-12-24 12:29:29.753 LOG_TRACE CAsyncSession exit run_recv state=3 session_id=66434456,sessionType=1. (asyncsession.cpp):572 
2015-12-24 12:29:29.753 LOG_INFO  CAsyncSession close ,session_id=66434456,sessionType=1 (asyncsession.cpp):890 
2015-12-24 12:29:29.754 LOG_TRACE CStreamSession OnDisConnect state=4 session_id=66434456, bNotiy=1. (streamsession.cpp):89 
2015-12-24 12:29:29.785 LOG_TRACE CAsyncSession start close session_id=66434456.sessionType=0 (asyncsession.cpp):873 
2015-12-24 12:29:29.786 LOG_TRACE CAsyncSession exit run_timeout state=3 session_id=66434456, sessionType=0. (asyncsession.cpp):858 
2015-12-24 12:29:29.786 LOG_TRACE CAsyncSession exit run_recv state=3 session_id=66434456,sessionType=0. (asyncsession.cpp):572 
2015-12-24 12:29:29.786 LOG_INFO  CAsyncSession close ,session_id=66434456,sessionType=0 (asyncsession.cpp):890 
2015-12-24 12:29:29.786 LOG_TRACE CUserSession OnDisConnect session_id=66434456, sessionType=0.notify=0 (usersession.cpp):361 
2015-12-24 12:29:29.787 LOG_TRACE ~CAsyncSession()_03F5B598_session=66434456, sessionType=0. (asyncsession.cpp):44 
2015-12-24 12:29:39.258 LOG_ALARM CNetSDKManager stop begin. (netsdkmanager.cpp):225 
2015-12-24 12:29:39.258 LOG_INFO  CNetSDKManager clear_sessions 03f57d18 (netsdkmanager.cpp):325 
2015-12-24 12:29:39.258 LOG_ERROR CNetSDKManager thread exit, thread id=1 (netsdkmanager.cpp):270 
2015-12-24 12:29:39.258 LOG_ERROR CNetSDKManager thread exit, thread id=3 (netsdkmanager.cpp):270 
2015-12-24 12:29:39.258 LOG_ERROR CNetSDKManager thread exit, thread id=0 (netsdkmanager.cpp):270 
2015-12-24 12:29:39.258 LOG_ERROR CNetSDKManager thread exit, thread id=2 (netsdkmanager.cpp):270 
2015-12-24 12:29:39.260 LOG_DEBUG CNetSDKManager_Cleanup_66419992. (netsdkmanager.cpp):247 
